# JRE version: OpenJDK Runtime Environment (8.0_242-b01) (build 1.8.0_242-release-1644-b01)
# Java VM: OpenJDK 64-Bit Server VM (25.242-b01 mixed mode windows-amd64 compressed oops)
Heap:
 PSYoungGen      total 368640K, used 117205K [0x00000000d5580000, 0x00000000f4a80000, 0x0000000100000000)
  eden space 338432K, 34% used [0x00000000d5580000,0x00000000dc7f5718,0x00000000ea000000)
  from space 30208K, 0% used [0x00000000ea000000,0x00000000ea000000,0x00000000ebd80000)
  to   space 42496K, 0% used [0x00000000f2100000,0x00000000f2100000,0x00000000f4a80000)
 ParOldGen       total 100864K, used 93403K [0x0000000080000000, 0x0000000086280000, 0x00000000d5580000)
  object space 100864K, 92% used [0x0000000080000000,0x0000000085b36ce8,0x0000000086280000)
 Metaspace       used 92449K, capacity 97098K, committed 97432K, reserved 1134592K
  class space    used 12168K, capacity 13107K, committed 13232K, reserved 1048576K
GC Heap History (10 events):
Event: 8.095 GC heap before
{Heap before GC invocations=15 (full 3):
 PSYoungGen      total 206336K, used 192512K [0x00000000d5580000, 0x00000000e8800000, 0x0000000100000000)
  eden space 192512K, 100% used [0x00000000d5580000,0x00000000e1180000,0x00000000e1180000)
  from space 13824K, 0% used [0x00000000e1180000,0x00000000e1180000,0x00000000e1f00000)
  to   space 20992K, 0% used [0x00000000e7380000,0x00000000e7380000,0x00000000e8800000)
 ParOldGen       total 100864K, used 39811K [0x0000000080000000, 0x0000000086280000, 0x00000000d5580000)
  object space 100864K, 39% used [0x0000000080000000,0x00000000826e0f18,0x0000000086280000)
 Metaspace       used 63356K, capacity 66168K, committed 66328K, reserved 1105920K
  class space    used 8720K, capacity 9253K, committed 9264K, reserved 1048576K
Event: 8.110 GC heap after
Heap after GC invocations=15 (full 3):
 PSYoungGen      total 279040K, used 16543K [0x00000000d5580000, 0x00000000e8400000, 0x0000000100000000)
  eden space 262144K, 0% used [0x00000000d5580000,0x00000000d5580000,0x00000000e5580000)
  from space 16896K, 97% used [0x00000000e7380000,0x00000000e83a7da8,0x00000000e8400000)
  to   space 22528K, 0% used [0x00000000e5800000,0x00000000e5800000,0x00000000e6e00000)
 ParOldGen       total 100864K, used 39819K [0x0000000080000000, 0x0000000086280000, 0x00000000d5580000)
  object space 100864K, 39% used [0x0000000080000000,0x00000000826e2f18,0x0000000086280000)
 Metaspace       used 63356K, capacity 66168K, committed 66328K, reserved 1105920K
  class space    used 8720K, capacity 9253K, committed 9264K, reserved 1048576K
}
Event: 237.004 GC heap before
{Heap before GC invocations=16 (full 3):
 PSYoungGen      total 279040K, used 278687K [0x00000000d5580000, 0x00000000e8400000, 0x0000000100000000)
  eden space 262144K, 100% used [0x00000000d5580000,0x00000000e5580000,0x00000000e5580000)
  from space 16896K, 97% used [0x00000000e7380000,0x00000000e83a7da8,0x00000000e8400000)
  to   space 22528K, 0% used [0x00000000e5800000,0x00000000e5800000,0x00000000e6e00000)
 ParOldGen       total 100864K, used 39819K [0x0000000080000000, 0x0000000086280000, 0x00000000d5580000)
  object space 100864K, 39% used [0x0000000080000000,0x00000000826e2f18,0x0000000086280000)
 Metaspace       used 70813K, capacity 74028K, committed 74264K, reserved 1114112K
  class space    used 9375K, capacity 9977K, committed 10032K, reserved 1048576K
Event: 237.050 GC heap after
Heap after GC invocations=16 (full 3):
 PSYoungGen      total 287232K, used 22523K [0x00000000d5580000, 0x00000000ee600000, 0x0000000100000000)
  eden space 264704K, 0% used [0x00000000d5580000,0x00000000d5580000,0x00000000e5800000)
  from space 22528K, 99% used [0x00000000e5800000,0x00000000e6dfecb8,0x00000000e6e00000)
  to   space 32256K, 0% used [0x00000000ec680000,0x00000000ec680000,0x00000000ee600000)
 ParOldGen       total 100864K, used 56888K [0x0000000080000000, 0x0000000086280000, 0x00000000d5580000)
  object space 100864K, 56% used [0x0000000080000000,0x000000008378e308,0x0000000086280000)
 Metaspace       used 70813K, capacity 74028K, committed 74264K, reserved 1114112K
  class space    used 9375K, capacity 9977K, committed 10032K, reserved 1048576K
}
Event: 244.741 GC heap before
{Heap before GC invocations=17 (full 3):
 PSYoungGen      total 287232K, used 287227K [0x00000000d5580000, 0x00000000ee600000, 0x0000000100000000)
  eden space 264704K, 100% used [0x00000000d5580000,0x00000000e5800000,0x00000000e5800000)
  from space 22528K, 99% used [0x00000000e5800000,0x00000000e6dfecb8,0x00000000e6e00000)
  to   space 32256K, 0% used [0x00000000ec680000,0x00000000ec680000,0x00000000ee600000)
 ParOldGen       total 100864K, used 56888K [0x0000000080000000, 0x0000000086280000, 0x00000000d5580000)
  object space 100864K, 56% used [0x0000000080000000,0x000000008378e308,0x0000000086280000)
 Metaspace       used 76532K, capacity 79948K, committed 80152K, reserved 1118208K
  class space    used 10026K, capacity 10687K, committed 10800K, reserved 1048576K
Event: 244.763 GC heap after
Heap after GC invocations=17 (full 3):
 PSYoungGen      total 359424K, used 12544K [0x00000000d5580000, 0x00000000edb00000, 0x0000000100000000)
  eden space 338432K, 0% used [0x00000000d5580000,0x00000000d5580000,0x00000000ea000000)
  from space 20992K, 59% used [0x00000000ec680000,0x00000000ed2c0238,0x00000000edb00000)
  to   space 30208K, 0% used [0x00000000ea000000,0x00000000ea000000,0x00000000ebd80000)
 ParOldGen       total 100864K, used 74778K [0x0000000080000000, 0x0000000086280000, 0x00000000d5580000)
  object space 100864K, 74% used [0x0000000080000000,0x0000000084906ae8,0x0000000086280000)
 Metaspace       used 76532K, capacity 79948K, committed 80152K, reserved 1118208K
  class space    used 10026K, capacity 10687K, committed 10800K, reserved 1048576K
}
Event: 247.125 GC heap before
{Heap before GC invocations=18 (full 3):
 PSYoungGen      total 359424K, used 350976K [0x00000000d5580000, 0x00000000edb00000, 0x0000000100000000)
  eden space 338432K, 100% used [0x00000000d5580000,0x00000000ea000000,0x00000000ea000000)
  from space 20992K, 59% used [0x00000000ec680000,0x00000000ed2c0238,0x00000000edb00000)
  to   space 30208K, 0% used [0x00000000ea000000,0x00000000ea000000,0x00000000ebd80000)
 ParOldGen       total 100864K, used 74778K [0x0000000080000000, 0x0000000086280000, 0x00000000d5580000)
  object space 100864K, 74% used [0x0000000080000000,0x0000000084906ae8,0x0000000086280000)
 Metaspace       used 84888K, capacity 88686K, committed 88856K, reserved 1126400K
  class space    used 11085K, capacity 11803K, committed 11824K, reserved 1048576K
Event: 247.175 GC heap after
Heap after GC invocations=18 (full 3):
 PSYoungGen      total 368640K, used 30188K [0x00000000d5580000, 0x00000000f4a80000, 0x0000000100000000)
  eden space 338432K, 0% used [0x00000000d5580000,0x00000000d5580000,0x00000000ea000000)
  from space 30208K, 99% used [0x00000000ea000000,0x00000000ebd7b300,0x00000000ebd80000)
  to   space 42496K, 0% used [0x00000000f2100000,0x00000000f2100000,0x00000000f4a80000)
 ParOldGen       total 100864K, used 94975K [0x0000000080000000, 0x0000000086280000, 0x00000000d5580000)
  object space 100864K, 94% used [0x0000000080000000,0x0000000085cbfc68,0x0000000086280000)
 Metaspace       used 84888K, capacity 88686K, committed 88856K, reserved 1126400K
  class space    used 11085K, capacity 11803K, committed 11824K, reserved 1048576K
}
Event: 247.175 GC heap before
{Heap before GC invocations=19 (full 4):
 PSYoungGen      total 368640K, used 30188K [0x00000000d5580000, 0x00000000f4a80000, 0x0000000100000000)
  eden space 338432K, 0% used [0x00000000d5580000,0x00000000d5580000,0x00000000ea000000)
  from space 30208K, 99% used [0x00000000ea000000,0x00000000ebd7b300,0x00000000ebd80000)
  to   space 42496K, 0% used [0x00000000f2100000,0x00000000f2100000,0x00000000f4a80000)
 ParOldGen       total 100864K, used 94975K [0x0000000080000000, 0x0000000086280000, 0x00000000d5580000)
  object space 100864K, 94% used [0x0000000080000000,0x0000000085cbfc68,0x0000000086280000)
 Metaspace       used 84888K, capacity 88686K, committed 88856K, reserved 1126400K
  class space    used 11085K, capacity 11803K, committed 11824K, reserved 1048576K
Event: 247.368 GC heap after
Heap after GC invocations=19 (full 4):
 PSYoungGen      total 368640K, used 0K [0x00000000d5580000, 0x00000000f4a80000, 0x0000000100000000)
  eden space 338432K, 0% used [0x00000000d5580000,0x00000000d5580000,0x00000000ea000000)
  from space 30208K, 0% used [0x00000000ea000000,0x00000000ea000000,0x00000000ebd80000)
  to   space 42496K, 0% used [0x00000000f2100000,0x00000000f2100000,0x00000000f4a80000)
 ParOldGen       total 100864K, used 93403K [0x0000000080000000, 0x0000000086280000, 0x00000000d5580000)
  object space 100864K, 92% used [0x0000000080000000,0x0000000085b36ce8,0x0000000086280000)
 Metaspace       used 84761K, capacity 88350K, committed 88856K, reserved 1126400K
  class space    used 11043K, capacity 11731K, committed 11824K, reserved 1048576K
}

